Build started 27.12.2016 11:20:49.
     1>Project "C:\Users\USER\Documents\GitHub\OOP_Project_Online_Book_Store\OOP_Project_Online_Book_Store\OOP_Project_Online_Book_Store.vcxproj" on node 2 (Build target(s)).
     1>ClCompile:
         C:\Program Files (x86)\Microsoft Visual Studio 14.0\VC\bin\CL.exe /c /ZI /nologo /W3 /WX- /sdl /Od /Oy- /D _MBCS /Gm /EHsc /RTC1 /MDd /GS /fp:precise /Zc:wchar_t /Zc:forScope /Zc:inline /Fo"Debug\\" /Fd"Debug\vc140.pdb" /Gd /TP /analyze- /errorReport:prompt ProductButton.cpp
         ProductButton.cpp
       Link:
         C:\Program Files (x86)\Microsoft Visual Studio 14.0\VC\bin\link.exe /ERRORREPORT:PROMPT /OUT:"C:\Users\USER\Documents\GitHub\OOP_Project_Online_Book_Store\Debug\OOP_Project_Online_Book_Store.exe" /INCREMENTAL /NOLOGO kernel32.lib user32.lib gdi32.lib winspool.lib comdlg32.lib advapi32.lib shell32.lib ole32.lib oleaut32.lib uuid.lib odbc32.lib odbccp32.lib /MANIFEST /MANIFESTUAC:"level='asInvoker' uiAccess='false'" /manifest:embed /Debug /PDB:"C:\Users\USER\Documents\GitHub\OOP_Project_Online_Book_Store\Debug\OOP_Project_Online_Book_Store.pdb" /TLBID:1 /DYNAMICBASE /NXCOMPAT /IMPLIB:"C:\Users\USER\Documents\GitHub\OOP_Project_Online_Book_Store\Debug\OOP_Project_Online_Book_Store.lib" /MACHINE:X86 Debug\Book.obj
         Debug\Cash.obj
         Debug\Check.obj
         Debug\CreditCard.obj
         Debug\Customer.obj
         Debug\CustomerButton.obj
         Debug\Magazine.obj
         Debug\MainProgramme.obj
         Debug\MusicCD.obj
         Debug\Payment.obj
         Debug\Product.obj
         Debug\ProductButton.obj
         Debug\ProductToPurchase.obj
         Debug\ShoppingCart.obj
         OOP_Project_Online_Book_Store.vcxproj -> C:\Users\USER\Documents\GitHub\OOP_Project_Online_Book_Store\Debug\OOP_Project_Online_Book_Store.exe
     1>Done Building Project "C:\Users\USER\Documents\GitHub\OOP_Project_Online_Book_Store\OOP_Project_Online_Book_Store\OOP_Project_Online_Book_Store.vcxproj" (Build target(s)).

Build succeeded.

Time Elapsed 00:00:01.89
