Build started 30.12.2016 20:54:43.
     1>Project "C:\Users\Tahir\Documents\GitHub\OOP_Project_Online_Book_Store\OOP_Project_Online_Book_Store\OOP_Project_Online_Book_Store.vcxproj" on node 2 (Build target(s)).
     1>ClCompile:
         C:\Program Files (x86)\Microsoft Visual Studio 14.0\VC\bin\x86_amd64\CL.exe /c /ZI /nologo /W3 /WX- /sdl /Od /D _MBCS /Gm /EHsc /RTC1 /MDd /GS /fp:precise /Zc:wchar_t /Zc:forScope /Zc:inline /Fo"x64\Debug\\" /Fd"x64\Debug\vc140.pdb" /Gd /TP /errorReport:prompt ShoppingCart.cpp
         ShoppingCart.cpp
       Link:
         C:\Program Files (x86)\Microsoft Visual Studio 14.0\VC\bin\x86_amd64\link.exe /ERRORREPORT:PROMPT /OUT:"C:\Users\Tahir\Documents\GitHub\OOP_Project_Online_Book_Store\x64\Debug\OOP_Project_Online_Book_Store.exe" /INCREMENTAL /NOLOGO kernel32.lib user32.lib gdi32.lib winspool.lib comdlg32.lib advapi32.lib shell32.lib ole32.lib oleaut32.lib uuid.lib odbc32.lib odbccp32.lib /MANIFEST /MANIFESTUAC:"level='asInvoker' uiAccess='false'" /manifest:embed /Debug /PDB:"C:\Users\Tahir\Documents\GitHub\OOP_Project_Online_Book_Store\x64\Debug\OOP_Project_Online_Book_Store.pdb" /TLBID:1 /DYNAMICBASE /NXCOMPAT /IMPLIB:"C:\Users\Tahir\Documents\GitHub\OOP_Project_Online_Book_Store\x64\Debug\OOP_Project_Online_Book_Store.lib" /MACHINE:X64 x64\Debug\Book.obj
         x64\Debug\Cash.obj
         x64\Debug\Check.obj
         x64\Debug\CreditCard.obj
         x64\Debug\Customer.obj
         x64\Debug\CustomerButton.obj
         x64\Debug\Magazine.obj
         x64\Debug\MainProgramme.obj
         x64\Debug\MusicCD.obj
         x64\Debug\Payment.obj
         x64\Debug\Product.obj
         x64\Debug\ProductButton.obj
         x64\Debug\ProductToPurchase.obj
         x64\Debug\ShoppingButton.obj
         x64\Debug\ShoppingCart.obj
         OOP_Project_Online_Book_Store.vcxproj -> C:\Users\Tahir\Documents\GitHub\OOP_Project_Online_Book_Store\x64\Debug\OOP_Project_Online_Book_Store.exe
     1>Done Building Project "C:\Users\Tahir\Documents\GitHub\OOP_Project_Online_Book_Store\OOP_Project_Online_Book_Store\OOP_Project_Online_Book_Store.vcxproj" (Build target(s)).

Build succeeded.

Time Elapsed 00:00:02.30
